<?xml version="1.0" encoding="UTF-8"?>
<!-- Generated by org.testng.reporters.JUnitReportReporter -->
<testsuite hostname="HDC-ITADM3152" name="com.qi.mapsync.tests.AU002_LiveIncidentvalidation" tests="1" failures="0" timestamp="9 Sep 2019 12:52:48 GMT" time="36.030" errors="0">
  <testcase name="testLiveIncident" time="36.030" classname="com.qi.mapsync.tests.AU002_LiveIncidentvalidation"/>
</testsuite> <!-- com.qi.mapsync.tests.AU002_LiveIncidentvalidation -->
