<?xml version="1.0" encoding="UTF-8"?>
<!-- Generated by org.testng.reporters.JUnitReportReporter -->
<testsuite hostname="HDC-ITADM3152" name="com.qi.mapsync.tests.AU008_MapOperationValidationTolls" tests="1" failures="0" timestamp="8 Sep 2019 06:42:32 GMT" time="23.217" errors="0">
  <testcase name="testMapTolls" time="23.217" classname="com.qi.mapsync.tests.AU008_MapOperationValidationTolls"/>
</testsuite> <!-- com.qi.mapsync.tests.AU008_MapOperationValidationTolls -->
