<?xml version="1.0" encoding="UTF-8"?>
<!-- Generated by org.testng.reporters.JUnitReportReporter -->
<testsuite hostname="HDC-ITADM3152" name="com.qi.mapsync.tests.AU002_LiveIncidentvalidation" tests="1" failures="0" timestamp="8 Sep 2019 15:21:43 GMT" time="36.797" errors="0">
  <testcase name="testLiveIncident" time="36.797" classname="com.qi.mapsync.tests.AU002_LiveIncidentvalidation"/>
</testsuite> <!-- com.qi.mapsync.tests.AU002_LiveIncidentvalidation -->
