<?xml version="1.0" encoding="UTF-8"?>
<!-- Generated by org.testng.reporters.JUnitReportReporter -->
<testsuite hostname="HDC-ITADM3152" name="com.qi.mapsync.tests.AU005_RegistrationValidation" tests="1" failures="0" timestamp="9 Sep 2019 12:11:10 GMT" time="23.506" errors="0">
  <testcase name="testRegistration" time="23.506" classname="com.qi.mapsync.tests.AU005_RegistrationValidation"/>
</testsuite> <!-- com.qi.mapsync.tests.AU005_RegistrationValidation -->
