<?xml version="1.0" encoding="UTF-8"?>
<!-- Generated by org.testng.reporters.JUnitReportReporter -->
<testsuite hostname="HDC-ITADM3152" name="com.qi.mapsync.tests.AU006_MapOperationValidationIncidents" tests="1" failures="0" timestamp="8 Sep 2019 05:48:42 GMT" time="16.174" errors="0">
  <testcase name="testMapIncident" time="16.174" classname="com.qi.mapsync.tests.AU006_MapOperationValidationIncidents"/>
</testsuite> <!-- com.qi.mapsync.tests.AU006_MapOperationValidationIncidents -->
