<?xml version="1.0" encoding="UTF-8"?>
<!-- Generated by org.testng.reporters.JUnitReportReporter -->
<testsuite hostname="HDC-ITADM3152" name="com.qi.mapsync.tests.AU007_MapOperationValidationCameras" tests="1" failures="0" timestamp="9 Sep 2019 12:11:10 GMT" time="32.378" errors="0">
  <testcase name="testMapCameras" time="32.378" classname="com.qi.mapsync.tests.AU007_MapOperationValidationCameras"/>
</testsuite> <!-- com.qi.mapsync.tests.AU007_MapOperationValidationCameras -->
