<?xml version="1.0" encoding="UTF-8"?>
<!-- Generated by org.testng.reporters.JUnitReportReporter -->
<testsuite hostname="HDC-ITADM3152" name="com.qi.mapsync.tests.AU004_LiveTollsvalidation" tests="1" failures="0" timestamp="7 Sep 2019 18:05:28 GMT" time="33.175" errors="0">
  <testcase name="validateTollList" time="33.175" classname="com.qi.mapsync.tests.AU004_LiveTollsvalidation"/>
</testsuite> <!-- com.qi.mapsync.tests.AU004_LiveTollsvalidation -->
