<?xml version="1.0" encoding="UTF-8"?>
<!-- Generated by org.testng.reporters.JUnitReportReporter -->
<testsuite hostname="HDC-ITADM3152" name="com.qi.mapsync.tests.AU003_LiveCameravalidation" tests="1" failures="0" timestamp="6 Sep 2019 09:35:20 GMT" time="28.405" errors="0">
  <testcase name="validateCameraList" time="28.405" classname="com.qi.mapsync.tests.AU003_LiveCameravalidation"/>
</testsuite> <!-- com.qi.mapsync.tests.AU003_LiveCameravalidation -->
