<?xml version="1.0" encoding="UTF-8"?>
<!-- Generated by org.testng.reporters.JUnitReportReporter -->
<testsuite hostname="HDC-ITADM3152" name="com.qi.mapsync.tests.AU001_Uivalidation" tests="1" failures="0" timestamp="8 Sep 2019 15:21:43 GMT" time="29.501" errors="0">
  <testcase name="mapSyncUIValidation" time="29.501" classname="com.qi.mapsync.tests.AU001_Uivalidation"/>
</testsuite> <!-- com.qi.mapsync.tests.AU001_Uivalidation -->
