<?xml version="1.0" encoding="UTF-8"?>
<!-- Generated by org.testng.reporters.JUnitReportReporter -->
<testsuite hostname="HDC-ITADM3152" name="com.qi.mapsync.tests.AU009_MapOperationValidationParking" tests="1" failures="0" timestamp="8 Sep 2019 08:16:43 GMT" time="40.368" errors="0">
  <testcase name="testMapParking" time="40.368" classname="com.qi.mapsync.tests.AU009_MapOperationValidationParking"/>
</testsuite> <!-- com.qi.mapsync.tests.AU009_MapOperationValidationParking -->
