<?xml version="1.0" encoding="UTF-8"?>
<!-- Generated by org.testng.reporters.JUnitReportReporter -->
<testsuite hostname="HDC-ITADM3152" name="com.qi.mapsync.tests.AU011_SignInValidation" tests="1" failures="0" timestamp="9 Sep 2019 19:01:22 GMT" time="31.422" errors="0">
  <testcase name="testSignin" time="31.422" classname="com.qi.mapsync.tests.AU011_SignInValidation"/>
</testsuite> <!-- com.qi.mapsync.tests.AU011_SignInValidation -->
