<?xml version="1.0" encoding="UTF-8"?>
<!-- Generated by org.testng.reporters.JUnitReportReporter -->
<testsuite hostname="HDC-ITADM3152" name="com.qi.mapsync.tests.AU010_MapOperationValidationTraffic" tests="1" failures="0" timestamp="8 Sep 2019 08:25:38 GMT" time="15.210" errors="0">
  <testcase name="testMapParking" time="15.210" classname="com.qi.mapsync.tests.AU010_MapOperationValidationTraffic"/>
</testsuite> <!-- com.qi.mapsync.tests.AU010_MapOperationValidationTraffic -->
